<?xml version="1.0" encoding="UTF-8" standalone="no"?>
<testsuite failures="1" name="cucumber.runtime.formatter.JUnitFormatter" skipped="0" tests="6" time="20.261156">
    <testcase classname="To validate the Login Functionality of FaceBook Application" name="To Validate Login with Valid UserName and Invalid Password" time="4.682812">
        <system-out><![CDATA[Given To launch the Chrome Browser and Maximize the Window..................passed
When To launch  the url of Facebook Application.............................passed
And To pass the Valid UserName in Email filed...............................passed
And To Pass the Invalid Password in Password Field..........................passed
And To Click The Login button...............................................passed
And To Check whether navigate to the homepage or not........................passed
Then To Close the Browser...................................................passed
]]></system-out>
    </testcase>
    <testcase classname="To validate the Login Functionality of FaceBook Application" name="To validate the  Positive and Negative Condiations of FaceBook Applications" time="3.118195">
        <system-out><![CDATA[Given To launch the Chrome Browser and Maximize the Window..................passed
When To launch  the url of Facebook Application.............................passed
And To Pass the User Name in "kiruthick@gmail.com" Email field..............passed
And To Pass the Password in "krish"Password field...........................passed
And To Click The Login  button..............................................passed
Then To close the  entire Browser...........................................passed
]]></system-out>
    </testcase>
    <testcase classname="To validate the Login Functionality of FaceBook Application" name="To validate the  Positive and Negative Condiations of FaceBook Applications 2" time="3.353764">
        <system-out><![CDATA[Given To launch the Chrome Browser and Maximize the Window..................passed
When To launch  the url of Facebook Application.............................passed
And To Pass the User Name in "krish@gmail.com" Email field..................passed
And To Pass the Password in "123456"Password field..........................passed
And To Click The Login  button..............................................passed
Then To close the  entire Browser...........................................passed
]]></system-out>
    </testcase>
    <testcase classname="To validate the Login Functionality of FaceBook Application" name="To validate the  Positive and Negative Condiations of FaceBook Applications 3" time="2.968635">
        <system-out><![CDATA[Given To launch the Chrome Browser and Maximize the Window..................passed
When To launch  the url of Facebook Application.............................passed
And To Pass the User Name in "jasmine11@gmail.com" Email field..............passed
And To Pass the Password in "kiruthick"Password field.......................passed
And To Click The Login  button..............................................passed
Then To close the  entire Browser...........................................passed
]]></system-out>
    </testcase>
    <testcase classname="To validate the Login Functionality of FaceBook Application" name="To validate the  Positive and Negative Condiations of FaceBook Applications 4" time="3.32832">
        <system-out><![CDATA[Given To launch the Chrome Browser and Maximize the Window..................passed
When To launch  the url of Facebook Application.............................passed
And To Pass the User Name in "rosh@gmail.com" Email field...................passed
And To Pass the Password in "ncr nickname"Password field....................passed
And To Click The Login  button..............................................passed
Then To close the  entire Browser...........................................passed
]]></system-out>
    </testcase>
    <testcase classname="To Validate the account creation of fb application" name="To  create new account" time="2.80943">
        <failure message="org.openqa.selenium.NoSuchElementException: no such element: Unable to locate element: {&quot;method&quot;:&quot;css selector&quot;,&quot;selector&quot;:&quot;*[name='firstname']&quot;}&#10;  (Session info: chrome=114.0.5735.199)&#10;For documentation on this error, please visit: https://www.seleniumhq.org/exceptions/no_such_element.html&#10;Build info: version: '3.141.59', revision: 'e82be7d358', time: '2018-11-14T08:17:03'&#10;System info: host: 'KIRUTHICK', ip: '192.168.43.21', os.name: 'Windows 11', os.arch: 'amd64', os.version: '10.0', java.version: '17.0.6'&#10;Driver info: org.openqa.selenium.chrome.ChromeDriver&#10;Capabilities {acceptInsecureCerts: false, browserName: chrome, browserVersion: 114.0.5735.199, chrome: {chromedriverVersion: 114.0.5735.90 (386bc09e8f4f..., userDataDir: C:\Users\KIRUTH~1\AppData\L...}, goog:chromeOptions: {debuggerAddress: localhost:51499}, javascriptEnabled: true, networkConnectionEnabled: false, pageLoadStrategy: normal, platform: WINDOWS, platformName: WINDOWS, proxy: Proxy(), setWindowRect: true, strictFileInteractability: false, timeouts: {implicit: 0, pageLoad: 300000, script: 30000}, unhandledPromptBehavior: dismiss and notify, webauthn:extension:credBlob: true, webauthn:extension:largeBlob: true, webauthn:extension:minPinLength: true, webauthn:extension:prf: true, webauthn:virtualAuthenticators: true}&#10;Session ID: ce240cc11dc15006067a1cbea1178da6&#10;*** Element info: {Using=name, value=firstname}&#13;&#10;&#9;at java.base/jdk.internal.reflect.NativeConstructorAccessorImpl.newInstance0(Native Method)&#13;&#10;&#9;at java.base/jdk.internal.reflect.NativeConstructorAccessorImpl.newInstance(NativeConstructorAccessorImpl.java:77)&#13;&#10;&#9;at java.base/jdk.internal.reflect.DelegatingConstructorAccessorImpl.newInstance(DelegatingConstructorAccessorImpl.java:45)&#13;&#10;&#9;at java.base/java.lang.reflect.Constructor.newInstanceWithCaller(Constructor.java:499)&#13;&#10;&#9;at java.base/java.lang.reflect.Constructor.newInstance(Constructor.java:480)&#13;&#10;&#9;at org.openqa.selenium.remote.http.W3CHttpResponseCodec.createException(W3CHttpResponseCodec.java:187)&#13;&#10;&#9;at org.openqa.selenium.remote.http.W3CHttpResponseCodec.decode(W3CHttpResponseCodec.java:122)&#13;&#10;&#9;at org.openqa.selenium.remote.http.W3CHttpResponseCodec.decode(W3CHttpResponseCodec.java:49)&#13;&#10;&#9;at org.openqa.selenium.remote.HttpCommandExecutor.execute(HttpCommandExecutor.java:158)&#13;&#10;&#9;at org.openqa.selenium.remote.service.DriverCommandExecutor.execute(DriverCommandExecutor.java:83)&#13;&#10;&#9;at org.openqa.selenium.remote.RemoteWebDriver.execute(RemoteWebDriver.java:552)&#13;&#10;&#9;at org.openqa.selenium.remote.RemoteWebDriver.findElement(RemoteWebDriver.java:323)&#13;&#10;&#9;at org.openqa.selenium.remote.RemoteWebDriver.findElementByName(RemoteWebDriver.java:404)&#13;&#10;&#9;at org.openqa.selenium.By$ByName.findElement(By.java:284)&#13;&#10;&#9;at org.openqa.selenium.remote.RemoteWebDriver.findElement(RemoteWebDriver.java:315)&#13;&#10;&#9;at org.openqa.selenium.support.pagefactory.DefaultElementLocator.findElement(DefaultElementLocator.java:69)&#13;&#10;&#9;at org.openqa.selenium.support.pagefactory.internal.LocatingElementHandler.invoke(LocatingElementHandler.java:38)&#13;&#10;&#9;at jdk.proxy2/jdk.proxy2.$Proxy16.sendKeys(Unknown Source)&#13;&#10;&#9;at org.base.Baseclass.passtext(Baseclass.java:53)&#13;&#10;&#9;at org.stepdefintion.fbcreatenewacnt.to_pass_firstname_in_firstname_text_box(fbcreatenewacnt.java:31)&#13;&#10;&#9;at ✽.To pass firstname in firstname text box(src/test/resources/sample1.feature:6)&#13;&#10;"><![CDATA[Given To launch the browser and maximise the  window........................passed
When To launch the url  of fb application...................................passed
And To click the create new account button..................................passed
And To pass firstname in firstname text box.................................failed
And To pass secondname in secondname text box...............................skipped
And To pass mobileno or email  in email text box............................skipped
And To create new password using new password text box......................skipped
Then To Close the chrome browser............................................skipped

StackTrace:
org.openqa.selenium.NoSuchElementException: no such element: Unable to locate element: {"method":"css selector","selector":"*[name='firstname']"}
  (Session info: chrome=114.0.5735.199)
For documentation on this error, please visit: https://www.seleniumhq.org/exceptions/no_such_element.html
Build info: version: '3.141.59', revision: 'e82be7d358', time: '2018-11-14T08:17:03'
System info: host: 'KIRUTHICK', ip: '192.168.43.21', os.name: 'Windows 11', os.arch: 'amd64', os.version: '10.0', java.version: '17.0.6'
Driver info: org.openqa.selenium.chrome.ChromeDriver
Capabilities {acceptInsecureCerts: false, browserName: chrome, browserVersion: 114.0.5735.199, chrome: {chromedriverVersion: 114.0.5735.90 (386bc09e8f4f..., userDataDir: C:\Users\KIRUTH~1\AppData\L...}, goog:chromeOptions: {debuggerAddress: localhost:51499}, javascriptEnabled: true, networkConnectionEnabled: false, pageLoadStrategy: normal, platform: WINDOWS, platformName: WINDOWS, proxy: Proxy(), setWindowRect: true, strictFileInteractability: false, timeouts: {implicit: 0, pageLoad: 300000, script: 30000}, unhandledPromptBehavior: dismiss and notify, webauthn:extension:credBlob: true, webauthn:extension:largeBlob: true, webauthn:extension:minPinLength: true, webauthn:extension:prf: true, webauthn:virtualAuthenticators: true}
Session ID: ce240cc11dc15006067a1cbea1178da6
*** Element info: {Using=name, value=firstname}
	at java.base/jdk.internal.reflect.NativeConstructorAccessorImpl.newInstance0(Native Method)
	at java.base/jdk.internal.reflect.NativeConstructorAccessorImpl.newInstance(NativeConstructorAccessorImpl.java:77)
	at java.base/jdk.internal.reflect.DelegatingConstructorAccessorImpl.newInstance(DelegatingConstructorAccessorImpl.java:45)
	at java.base/java.lang.reflect.Constructor.newInstanceWithCaller(Constructor.java:499)
	at java.base/java.lang.reflect.Constructor.newInstance(Constructor.java:480)
	at org.openqa.selenium.remote.http.W3CHttpResponseCodec.createException(W3CHttpResponseCodec.java:187)
	at org.openqa.selenium.remote.http.W3CHttpResponseCodec.decode(W3CHttpResponseCodec.java:122)
	at org.openqa.selenium.remote.http.W3CHttpResponseCodec.decode(W3CHttpResponseCodec.java:49)
	at org.openqa.selenium.remote.HttpCommandExecutor.execute(HttpCommandExecutor.java:158)
	at org.openqa.selenium.remote.service.DriverCommandExecutor.execute(DriverCommandExecutor.java:83)
	at org.openqa.selenium.remote.RemoteWebDriver.execute(RemoteWebDriver.java:552)
	at org.openqa.selenium.remote.RemoteWebDriver.findElement(RemoteWebDriver.java:323)
	at org.openqa.selenium.remote.RemoteWebDriver.findElementByName(RemoteWebDriver.java:404)
	at org.openqa.selenium.By$ByName.findElement(By.java:284)
	at org.openqa.selenium.remote.RemoteWebDriver.findElement(RemoteWebDriver.java:315)
	at org.openqa.selenium.support.pagefactory.DefaultElementLocator.findElement(DefaultElementLocator.java:69)
	at org.openqa.selenium.support.pagefactory.internal.LocatingElementHandler.invoke(LocatingElementHandler.java:38)
	at jdk.proxy2/jdk.proxy2.$Proxy16.sendKeys(Unknown Source)
	at org.base.Baseclass.passtext(Baseclass.java:53)
	at org.stepdefintion.fbcreatenewacnt.to_pass_firstname_in_firstname_text_box(fbcreatenewacnt.java:31)
	at ✽.To pass firstname in firstname text box(src/test/resources/sample1.feature:6)
]]></failure>
    </testcase>
</testsuite>
